2019-05-10 21:17:26,394 - Velocimacro : allowInlineLocal = false : VMs defined inline will be global in scope if allowed.
2019-05-10 21:17:26,394 - Velocimacro : autoload off : VM system will not automatically reload global library macros
2019-05-10 21:44:32,953 - Log4JLogChute initialized using file 'velocity.log'
2019-05-10 21:44:32,955 - Initializing Velocity, Calling init()...
2019-05-10 21:44:32,955 - Starting Apache Velocity v1.7 (compiled: 2010-11-19 12:14:37)
2019-05-10 21:44:32,956 - Default Properties File: org/apache/velocity/runtime/defaults/velocity.properties
2019-05-10 21:44:32,956 - Trying to use logger class org.apache.velocity.runtime.log.AvalonLogChute
2019-05-10 21:44:32,956 - Target log system for org.apache.velocity.runtime.log.AvalonLogChute is not available (java.lang.NoClassDefFoundError: org/apache/log/format/Formatter).  Falling back to next log system...
2019-05-10 21:44:32,956 - Trying to use logger class org.apache.velocity.runtime.log.Log4JLogChute
2019-05-10 21:44:32,956 - Using logger class org.apache.velocity.runtime.log.Log4JLogChute
2019-05-10 21:44:32,971 - ResourceLoader instantiated: org.apache.velocity.runtime.resource.loader.FileResourceLoader
2019-05-10 21:44:32,972 - Do unicode file recognition:  false
2019-05-10 21:44:32,973 - FileResourceLoader : adding path '.'
2019-05-10 21:44:32,993 - ResourceCache: initialized (class org.apache.velocity.runtime.resource.ResourceCacheImpl) with class java.util.Collections$SynchronizedMap cache map.
2019-05-10 21:44:32,996 - Loaded System Directive: org.apache.velocity.runtime.directive.Stop
2019-05-10 21:44:32,998 - Loaded System Directive: org.apache.velocity.runtime.directive.Define
2019-05-10 21:44:32,999 - Loaded System Directive: org.apache.velocity.runtime.directive.Break
2019-05-10 21:44:33,000 - Loaded System Directive: org.apache.velocity.runtime.directive.Evaluate
2019-05-10 21:44:33,001 - Loaded System Directive: org.apache.velocity.runtime.directive.Literal
2019-05-10 21:44:33,003 - Loaded System Directive: org.apache.velocity.runtime.directive.Macro
2019-05-10 21:44:33,004 - Loaded System Directive: org.apache.velocity.runtime.directive.Parse
2019-05-10 21:44:33,007 - Loaded System Directive: org.apache.velocity.runtime.directive.Include
2019-05-10 21:44:33,009 - Loaded System Directive: org.apache.velocity.runtime.directive.Foreach
2019-05-10 21:44:33,054 - Created '20' parsers.
2019-05-10 21:44:33,060 - Velocimacro : "velocimacro.library" is not set.  Trying default library: VM_global_library.vm
2019-05-10 21:44:33,061 - Velocimacro : Default library not found.
2019-05-10 21:44:33,061 - Velocimacro : allowInline = true : VMs can be defined inline in templates
2019-05-10 21:44:33,061 - Velocimacro : allowInlineToOverride = false : VMs defined inline may NOT replace previous VM definitions
2019-05-10 21:44:33,061 - Velocimacro : allowInlineLocal = false : VMs defined inline will be global in scope if allowed.
2019-05-10 21:44:33,061 - Velocimacro : autoload off : VM system will not automatically reload global library macros
2019-05-10 21:45:05,782 - Log4JLogChute initialized using file 'velocity.log'
2019-05-10 21:45:05,783 - Initializing Velocity, Calling init()...
2019-05-10 21:45:05,783 - Starting Apache Velocity v1.7 (compiled: 2010-11-19 12:14:37)
2019-05-10 21:45:05,783 - Default Properties File: org/apache/velocity/runtime/defaults/velocity.properties
2019-05-10 21:45:05,783 - Trying to use logger class org.apache.velocity.runtime.log.AvalonLogChute
2019-05-10 21:45:05,783 - Target log system for org.apache.velocity.runtime.log.AvalonLogChute is not available (java.lang.NoClassDefFoundError: org/apache/log/format/Formatter).  Falling back to next log system...
2019-05-10 21:45:05,783 - Trying to use logger class org.apache.velocity.runtime.log.Log4JLogChute
2019-05-10 21:45:05,783 - Using logger class org.apache.velocity.runtime.log.Log4JLogChute
2019-05-10 21:45:05,790 - ResourceLoader instantiated: org.apache.velocity.runtime.resource.loader.FileResourceLoader
2019-05-10 21:45:05,791 - Do unicode file recognition:  false
2019-05-10 21:45:05,791 - FileResourceLoader : adding path '.'
2019-05-10 21:45:05,806 - ResourceCache: initialized (class org.apache.velocity.runtime.resource.ResourceCacheImpl) with class java.util.Collections$SynchronizedMap cache map.
2019-05-10 21:45:05,808 - Loaded System Directive: org.apache.velocity.runtime.directive.Stop
2019-05-10 21:45:05,809 - Loaded System Directive: org.apache.velocity.runtime.directive.Define
2019-05-10 21:45:05,810 - Loaded System Directive: org.apache.velocity.runtime.directive.Break
2019-05-10 21:45:05,811 - Loaded System Directive: org.apache.velocity.runtime.directive.Evaluate
2019-05-10 21:45:05,812 - Loaded System Directive: org.apache.velocity.runtime.directive.Literal
2019-05-10 21:45:05,814 - Loaded System Directive: org.apache.velocity.runtime.directive.Macro
2019-05-10 21:45:05,816 - Loaded System Directive: org.apache.velocity.runtime.directive.Parse
2019-05-10 21:45:05,818 - Loaded System Directive: org.apache.velocity.runtime.directive.Include
2019-05-10 21:45:05,821 - Loaded System Directive: org.apache.velocity.runtime.directive.Foreach
2019-05-10 21:45:05,878 - Created '20' parsers.
2019-05-10 21:45:05,884 - Velocimacro : "velocimacro.library" is not set.  Trying default library: VM_global_library.vm
2019-05-10 21:45:05,884 - Velocimacro : Default library not found.
2019-05-10 21:45:05,884 - Velocimacro : allowInline = true : VMs can be defined inline in templates
2019-05-10 21:45:05,884 - Velocimacro : allowInlineToOverride = false : VMs defined inline may NOT replace previous VM definitions
2019-05-10 21:45:05,884 - Velocimacro : allowInlineLocal = false : VMs defined inline will be global in scope if allowed.
2019-05-10 21:45:05,884 - Velocimacro : autoload off : VM system will not automatically reload global library macros
2019-05-10 21:46:29,470 - Log4JLogChute initialized using file 'velocity.log'
2019-05-10 21:46:29,471 - Initializing Velocity, Calling init()...
2019-05-10 21:46:29,471 - Starting Apache Velocity v1.7 (compiled: 2010-11-19 12:14:37)
2019-05-10 21:46:29,471 - Default Properties File: org/apache/velocity/runtime/defaults/velocity.properties
2019-05-10 21:46:29,471 - Trying to use logger class org.apache.velocity.runtime.log.AvalonLogChute
2019-05-10 21:46:29,471 - Target log system for org.apache.velocity.runtime.log.AvalonLogChute is not available (java.lang.NoClassDefFoundError: org/apache/log/format/Formatter).  Falling back to next log system...
2019-05-10 21:46:29,471 - Trying to use logger class org.apache.velocity.runtime.log.Log4JLogChute
2019-05-10 21:46:29,471 - Using logger class org.apache.velocity.runtime.log.Log4JLogChute
2019-05-10 21:46:29,484 - ResourceLoader instantiated: org.apache.velocity.runtime.resource.loader.FileResourceLoader
2019-05-10 21:46:29,485 - Do unicode file recognition:  false
2019-05-10 21:46:29,485 - FileResourceLoader : adding path '.'
2019-05-10 21:46:29,504 - ResourceCache: initialized (class org.apache.velocity.runtime.resource.ResourceCacheImpl) with class java.util.Collections$SynchronizedMap cache map.
2019-05-10 21:46:29,505 - Loaded System Directive: org.apache.velocity.runtime.directive.Stop
2019-05-10 21:46:29,507 - Loaded System Directive: org.apache.velocity.runtime.directive.Define
2019-05-10 21:46:29,509 - Loaded System Directive: org.apache.velocity.runtime.directive.Break
2019-05-10 21:46:29,510 - Loaded System Directive: org.apache.velocity.runtime.directive.Evaluate
2019-05-10 21:46:29,511 - Loaded System Directive: org.apache.velocity.runtime.directive.Literal
2019-05-10 21:46:29,513 - Loaded System Directive: org.apache.velocity.runtime.directive.Macro
2019-05-10 21:46:29,515 - Loaded System Directive: org.apache.velocity.runtime.directive.Parse
2019-05-10 21:46:29,518 - Loaded System Directive: org.apache.velocity.runtime.directive.Include
2019-05-10 21:46:29,520 - Loaded System Directive: org.apache.velocity.runtime.directive.Foreach
2019-05-10 21:46:29,579 - Created '20' parsers.
2019-05-10 21:46:29,588 - Velocimacro : "velocimacro.library" is not set.  Trying default library: VM_global_library.vm
2019-05-10 21:46:29,588 - Velocimacro : Default library not found.
2019-05-10 21:46:29,588 - Velocimacro : allowInline = true : VMs can be defined inline in templates
2019-05-10 21:46:29,588 - Velocimacro : allowInlineToOverride = false : VMs defined inline may NOT replace previous VM definitions
2019-05-10 21:46:29,588 - Velocimacro : allowInlineLocal = false : VMs defined inline will be global in scope if allowed.
2019-05-10 21:46:29,588 - Velocimacro : autoload off : VM system will not automatically reload global library macros
2019-05-10 22:06:58,840 - Log4JLogChute initialized using file 'velocity.log'
2019-05-10 22:06:58,842 - Initializing Velocity, Calling init()...
2019-05-10 22:06:58,842 - Starting Apache Velocity v1.7 (compiled: 2010-11-19 12:14:37)
2019-05-10 22:06:58,842 - Default Properties File: org/apache/velocity/runtime/defaults/velocity.properties
2019-05-10 22:06:58,842 - Trying to use logger class org.apache.velocity.runtime.log.AvalonLogChute
2019-05-10 22:06:58,842 - Target log system for org.apache.velocity.runtime.log.AvalonLogChute is not available (java.lang.NoClassDefFoundError: org/apache/log/format/Formatter).  Falling back to next log system...
2019-05-10 22:06:58,842 - Trying to use logger class org.apache.velocity.runtime.log.Log4JLogChute
2019-05-10 22:06:58,842 - Using logger class org.apache.velocity.runtime.log.Log4JLogChute
2019-05-10 22:06:58,850 - ResourceLoader instantiated: org.apache.velocity.runtime.resource.loader.FileResourceLoader
2019-05-10 22:06:58,851 - Do unicode file recognition:  false
2019-05-10 22:06:58,851 - FileResourceLoader : adding path '.'
2019-05-10 22:06:58,868 - ResourceCache: initialized (class org.apache.velocity.runtime.resource.ResourceCacheImpl) with class java.util.Collections$SynchronizedMap cache map.
2019-05-10 22:06:58,869 - Loaded System Directive: org.apache.velocity.runtime.directive.Stop
2019-05-10 22:06:58,870 - Loaded System Directive: org.apache.velocity.runtime.directive.Define
2019-05-10 22:06:58,870 - Loaded System Directive: org.apache.velocity.runtime.directive.Break
2019-05-10 22:06:58,871 - Loaded System Directive: org.apache.velocity.runtime.directive.Evaluate
2019-05-10 22:06:58,871 - Loaded System Directive: org.apache.velocity.runtime.directive.Literal
2019-05-10 22:06:58,872 - Loaded System Directive: org.apache.velocity.runtime.directive.Macro
2019-05-10 22:06:58,874 - Loaded System Directive: org.apache.velocity.runtime.directive.Parse
2019-05-10 22:06:58,879 - Loaded System Directive: org.apache.velocity.runtime.directive.Include
2019-05-10 22:06:58,881 - Loaded System Directive: org.apache.velocity.runtime.directive.Foreach
2019-05-10 22:06:58,933 - Created '20' parsers.
2019-05-10 22:06:58,942 - Velocimacro : "velocimacro.library" is not set.  Trying default library: VM_global_library.vm
2019-05-10 22:06:58,942 - Velocimacro : Default library not found.
2019-05-10 22:06:58,942 - Velocimacro : allowInline = true : VMs can be defined inline in templates
2019-05-10 22:06:58,942 - Velocimacro : allowInlineToOverride = false : VMs defined inline may NOT replace previous VM definitions
2019-05-10 22:06:58,942 - Velocimacro : allowInlineLocal = false : VMs defined inline will be global in scope if allowed.
2019-05-10 22:06:58,942 - Velocimacro : autoload off : VM system will not automatically reload global library macros
